<?xml version="1.0" encoding="UTF-8"?>
<testsuite name="com.ce5systems.ocp.helloworld.AppTest" tests="1" skipped="0" failures="0" errors="0" timestamp="2018-04-16T18:37:32" hostname="JinnyMac.fios-router.home" time="0.003">
  <properties/>
  <testcase name="testApp" classname="com.ce5systems.ocp.helloworld.AppTest" time="0.003"/>
  <system-out><![CDATA[]]></system-out>
  <system-err><![CDATA[]]></system-err>
</testsuite>
